  [1m[35m (52.5ms)[0m  [1m[35mCREATE TABLE "schema_migrations" ("version" character varying NOT NULL PRIMARY KEY)[0m
  [1m[35m (30.4ms)[0m  [1m[35mCREATE TABLE "ar_internal_metadata" ("key" character varying NOT NULL PRIMARY KEY, "value" character varying, "created_at" timestamp NOT NULL, "updated_at" timestamp NOT NULL)[0m
  [1m[35m (6.8ms)[0m  [1m[34mSELECT pg_try_advisory_lock(8508758062450717470)[0m
  [1m[35m (1.8ms)[0m  [1m[34mSELECT "schema_migrations"."version" FROM "schema_migrations" ORDER BY "schema_migrations"."version" ASC[0m
  [1m[36mActiveRecord::InternalMetadata Load (0.7ms)[0m  [1m[34mSELECT  "ar_internal_metadata".* FROM "ar_internal_metadata" WHERE "ar_internal_metadata"."key" = $1 LIMIT $2[0m  [["key", "environment"], ["LIMIT", 1]]
  [1m[35m (0.2ms)[0m  [1m[35mBEGIN[0m
  [1m[35mSQL (29.1ms)[0m  [1m[32mINSERT INTO "ar_internal_metadata" ("key", "value", "created_at", "updated_at") VALUES ($1, $2, $3, $4) RETURNING "key"[0m  [["key", "environment"], ["value", "development"], ["created_at", "2018-07-04 13:11:33.206332"], ["updated_at", "2018-07-04 13:11:33.206332"]]
  [1m[35m (0.7ms)[0m  [1m[35mCOMMIT[0m
  [1m[35m (0.4ms)[0m  [1m[34mSELECT pg_advisory_unlock(8508758062450717470)[0m
  [1m[35m (0.3ms)[0m  [1m[34mSELECT "schema_migrations"."version" FROM "schema_migrations" ORDER BY "schema_migrations"."version" ASC[0m
Started GET "/" for 127.0.0.1 at 2018-07-04 14:17:36 +0100
Processing by Rails::WelcomeController#index as HTML
  Rendering /Users/lorrainephillips/.rvm/gems/ruby-2.5.0/gems/railties-5.1.6/lib/rails/templates/rails/welcome/index.html.erb
  Rendered /Users/lorrainephillips/.rvm/gems/ruby-2.5.0/gems/railties-5.1.6/lib/rails/templates/rails/welcome/index.html.erb (4.9ms)
Completed 200 OK in 517ms (Views: 16.8ms)


Started GET "/" for 127.0.0.1 at 2018-07-04 14:22:29 +0100
Processing by Rails::WelcomeController#index as HTML
  Rendering /Users/lorrainephillips/.rvm/gems/ruby-2.5.0/gems/railties-5.1.6/lib/rails/templates/rails/welcome/index.html.erb
  Rendered /Users/lorrainephillips/.rvm/gems/ruby-2.5.0/gems/railties-5.1.6/lib/rails/templates/rails/welcome/index.html.erb (5.1ms)
Completed 200 OK in 377ms (Views: 15.2ms)


Started GET "/code" for 127.0.0.1 at 2018-07-04 14:22:33 +0100
  
ActionController::RoutingError (No route matches [GET] "/code"):
  
actionpack (5.1.6) lib/action_dispatch/middleware/debug_exceptions.rb:63:in `call'
web-console (3.6.2) lib/web_console/middleware.rb:135:in `call_app'
web-console (3.6.2) lib/web_console/middleware.rb:30:in `block in call'
web-console (3.6.2) lib/web_console/middleware.rb:20:in `catch'
web-console (3.6.2) lib/web_console/middleware.rb:20:in `call'
actionpack (5.1.6) lib/action_dispatch/middleware/show_exceptions.rb:31:in `call'
railties (5.1.6) lib/rails/rack/logger.rb:36:in `call_app'
railties (5.1.6) lib/rails/rack/logger.rb:24:in `block in call'
activesupport (5.1.6) lib/active_support/tagged_logging.rb:69:in `block in tagged'
activesupport (5.1.6) lib/active_support/tagged_logging.rb:26:in `tagged'
activesupport (5.1.6) lib/active_support/tagged_logging.rb:69:in `tagged'
railties (5.1.6) lib/rails/rack/logger.rb:24:in `call'
sprockets-rails (3.2.1) lib/sprockets/rails/quiet_assets.rb:13:in `call'
actionpack (5.1.6) lib/action_dispatch/middleware/remote_ip.rb:79:in `call'
actionpack (5.1.6) lib/action_dispatch/middleware/request_id.rb:25:in `call'
rack (2.0.5) lib/rack/method_override.rb:22:in `call'
rack (2.0.5) lib/rack/runtime.rb:22:in `call'
activesupport (5.1.6) lib/active_support/cache/strategy/local_cache_middleware.rb:27:in `call'
actionpack (5.1.6) lib/action_dispatch/middleware/executor.rb:12:in `call'
actionpack (5.1.6) lib/action_dispatch/middleware/static.rb:125:in `call'
rack (2.0.5) lib/rack/sendfile.rb:111:in `call'
railties (5.1.6) lib/rails/engine.rb:522:in `call'
puma (3.11.4) lib/puma/configuration.rb:225:in `call'
puma (3.11.4) lib/puma/server.rb:632:in `handle_request'
puma (3.11.4) lib/puma/server.rb:446:in `process_client'
puma (3.11.4) lib/puma/server.rb:306:in `block in run'
puma (3.11.4) lib/puma/thread_pool.rb:120:in `block in spawn_thread'
Started GET "/code/index" for 127.0.0.1 at 2018-07-04 14:23:38 +0100
Processing by CodeController#index as HTML
  Rendering code/index.html.erb within layouts/application
  Rendered code/index.html.erb within layouts/application (3.5ms)
Completed 200 OK in 1682ms (Views: 1672.5ms)


Started GET "/code/index" for 127.0.0.1 at 2018-07-04 14:25:39 +0100
Processing by CodeController#index as HTML
  Rendering code/index.html.erb within layouts/application
  Rendered code/index.html.erb within layouts/application (3.1ms)
Completed 200 OK in 89ms (Views: 70.6ms)


Started GET "/ace-builds/src-noconflict/ace.js" for 127.0.0.1 at 2018-07-04 14:25:39 +0100
  
ActionController::RoutingError (No route matches [GET] "/ace-builds/src-noconflict/ace.js"):
  
actionpack (5.1.6) lib/action_dispatch/middleware/debug_exceptions.rb:63:in `call'
web-console (3.6.2) lib/web_console/middleware.rb:135:in `call_app'
web-console (3.6.2) lib/web_console/middleware.rb:30:in `block in call'
web-console (3.6.2) lib/web_console/middleware.rb:20:in `catch'
web-console (3.6.2) lib/web_console/middleware.rb:20:in `call'
actionpack (5.1.6) lib/action_dispatch/middleware/show_exceptions.rb:31:in `call'
railties (5.1.6) lib/rails/rack/logger.rb:36:in `call_app'
railties (5.1.6) lib/rails/rack/logger.rb:24:in `block in call'
activesupport (5.1.6) lib/active_support/tagged_logging.rb:69:in `block in tagged'
activesupport (5.1.6) lib/active_support/tagged_logging.rb:26:in `tagged'
activesupport (5.1.6) lib/active_support/tagged_logging.rb:69:in `tagged'
railties (5.1.6) lib/rails/rack/logger.rb:24:in `call'
sprockets-rails (3.2.1) lib/sprockets/rails/quiet_assets.rb:13:in `call'
actionpack (5.1.6) lib/action_dispatch/middleware/remote_ip.rb:79:in `call'
actionpack (5.1.6) lib/action_dispatch/middleware/request_id.rb:25:in `call'
rack (2.0.5) lib/rack/method_override.rb:22:in `call'
rack (2.0.5) lib/rack/runtime.rb:22:in `call'
activesupport (5.1.6) lib/active_support/cache/strategy/local_cache_middleware.rb:27:in `call'
actionpack (5.1.6) lib/action_dispatch/middleware/executor.rb:12:in `call'
actionpack (5.1.6) lib/action_dispatch/middleware/static.rb:125:in `call'
rack (2.0.5) lib/rack/sendfile.rb:111:in `call'
railties (5.1.6) lib/rails/engine.rb:522:in `call'
puma (3.11.4) lib/puma/configuration.rb:225:in `call'
puma (3.11.4) lib/puma/server.rb:632:in `handle_request'
puma (3.11.4) lib/puma/server.rb:446:in `process_client'
puma (3.11.4) lib/puma/server.rb:306:in `block in run'
puma (3.11.4) lib/puma/thread_pool.rb:120:in `block in spawn_thread'
Started GET "/" for 127.0.0.1 at 2018-07-04 16:25:47 +0100
Processing by Rails::WelcomeController#index as HTML
Completed 500 Internal Server Error in 335ms


  
Gem::LoadError (Specified 'postgresql' for database adapter, but the gem is not loaded. Add `gem 'pg'` to your Gemfile (and ensure its version is at the minimum required by ActiveRecord).):
  
activerecord (5.1.6) lib/active_record/connection_adapters/connection_specification.rb:188:in `rescue in spec'
activerecord (5.1.6) lib/active_record/connection_adapters/connection_specification.rb:185:in `spec'
activerecord (5.1.6) lib/active_record/connection_adapters/abstract/connection_pool.rb:880:in `establish_connection'
activerecord (5.1.6) lib/active_record/connection_handling.rb:58:in `establish_connection'
activerecord (5.1.6) lib/active_record/railtie.rb:124:in `block (2 levels) in <class:Railtie>'
activesupport (5.1.6) lib/active_support/lazy_load_hooks.rb:69:in `instance_eval'
activesupport (5.1.6) lib/active_support/lazy_load_hooks.rb:69:in `block in execute_hook'
activesupport (5.1.6) lib/active_support/lazy_load_hooks.rb:60:in `with_execution_control'
activesupport (5.1.6) lib/active_support/lazy_load_hooks.rb:65:in `execute_hook'
activesupport (5.1.6) lib/active_support/lazy_load_hooks.rb:50:in `block in run_load_hooks'
activesupport (5.1.6) lib/active_support/lazy_load_hooks.rb:49:in `each'
activesupport (5.1.6) lib/active_support/lazy_load_hooks.rb:49:in `run_load_hooks'
activerecord (5.1.6) lib/active_record/base.rb:326:in `<module:ActiveRecord>'
activerecord (5.1.6) lib/active_record/base.rb:25:in `<top (required)>'
activesupport (5.1.6) lib/active_support/dependencies.rb:292:in `require'
activesupport (5.1.6) lib/active_support/dependencies.rb:292:in `block in require'
activesupport (5.1.6) lib/active_support/dependencies.rb:258:in `load_dependency'
activesupport (5.1.6) lib/active_support/dependencies.rb:292:in `require'
activerecord (5.1.6) lib/active_record/railties/controller_runtime.rb:26:in `cleanup_view_runtime'
actionpack (5.1.6) lib/action_controller/metal/instrumentation.rb:43:in `render'
actionpack (5.1.6) lib/action_controller/metal/implicit_render.rb:33:in `default_render'
actionpack (5.1.6) lib/action_controller/metal/basic_implicit_render.rb:4:in `block in send_action'
actionpack (5.1.6) lib/action_controller/metal/basic_implicit_render.rb:4:in `tap'
actionpack (5.1.6) lib/action_controller/metal/basic_implicit_render.rb:4:in `send_action'
actionpack (5.1.6) lib/abstract_controller/base.rb:186:in `process_action'
actionpack (5.1.6) lib/action_controller/metal/rendering.rb:30:in `process_action'
actionpack (5.1.6) lib/abstract_controller/callbacks.rb:20:in `block in process_action'
activesupport (5.1.6) lib/active_support/callbacks.rb:131:in `run_callbacks'
actionpack (5.1.6) lib/abstract_controller/callbacks.rb:19:in `process_action'
actionpack (5.1.6) lib/action_controller/metal/rescue.rb:20:in `process_action'
actionpack (5.1.6) lib/action_controller/metal/instrumentation.rb:32:in `block in process_action'
activesupport (5.1.6) lib/active_support/notifications.rb:166:in `block in instrument'
activesupport (5.1.6) lib/active_support/notifications/instrumenter.rb:21:in `instrument'
activesupport (5.1.6) lib/active_support/notifications.rb:166:in `instrument'
actionpack (5.1.6) lib/action_controller/metal/instrumentation.rb:30:in `process_action'
actionpack (5.1.6) lib/action_controller/metal/params_wrapper.rb:252:in `process_action'
activerecord (5.1.6) lib/active_record/railties/controller_runtime.rb:22:in `process_action'
actionpack (5.1.6) lib/abstract_controller/base.rb:124:in `process'
actionview (5.1.6) lib/action_view/rendering.rb:30:in `process'
actionpack (5.1.6) lib/action_controller/metal.rb:189:in `dispatch'
actionpack (5.1.6) lib/action_controller/metal.rb:253:in `dispatch'
actionpack (5.1.6) lib/action_dispatch/routing/route_set.rb:49:in `dispatch'
actionpack (5.1.6) lib/action_dispatch/routing/route_set.rb:31:in `serve'
actionpack (5.1.6) lib/action_dispatch/journey/router.rb:50:in `block in serve'
actionpack (5.1.6) lib/action_dispatch/journey/router.rb:33:in `each'
actionpack (5.1.6) lib/action_dispatch/journey/router.rb:33:in `serve'
actionpack (5.1.6) lib/action_dispatch/routing/route_set.rb:844:in `call'
rack (2.0.5) lib/rack/etag.rb:25:in `call'
rack (2.0.5) lib/rack/conditional_get.rb:25:in `call'
rack (2.0.5) lib/rack/head.rb:12:in `call'
rack (2.0.5) lib/rack/session/abstract/id.rb:232:in `context'
rack (2.0.5) lib/rack/session/abstract/id.rb:226:in `call'
actionpack (5.1.6) lib/action_dispatch/middleware/cookies.rb:613:in `call'
activerecord (5.1.6) lib/active_record/migration.rb:556:in `call'
actionpack (5.1.6) lib/action_dispatch/middleware/callbacks.rb:26:in `block in call'
activesupport (5.1.6) lib/active_support/callbacks.rb:97:in `run_callbacks'
actionpack (5.1.6) lib/action_dispatch/middleware/callbacks.rb:24:in `call'
actionpack (5.1.6) lib/action_dispatch/middleware/executor.rb:12:in `call'
actionpack (5.1.6) lib/action_dispatch/middleware/debug_exceptions.rb:59:in `call'
web-console (3.6.2) lib/web_console/middleware.rb:135:in `call_app'
web-console (3.6.2) lib/web_console/middleware.rb:30:in `block in call'
web-console (3.6.2) lib/web_console/middleware.rb:20:in `catch'
web-console (3.6.2) lib/web_console/middleware.rb:20:in `call'
actionpack (5.1.6) lib/action_dispatch/middleware/show_exceptions.rb:31:in `call'
railties (5.1.6) lib/rails/rack/logger.rb:36:in `call_app'
railties (5.1.6) lib/rails/rack/logger.rb:24:in `block in call'
activesupport (5.1.6) lib/active_support/tagged_logging.rb:69:in `block in tagged'
activesupport (5.1.6) lib/active_support/tagged_logging.rb:26:in `tagged'
activesupport (5.1.6) lib/active_support/tagged_logging.rb:69:in `tagged'
railties (5.1.6) lib/rails/rack/logger.rb:24:in `call'
sprockets-rails (3.2.1) lib/sprockets/rails/quiet_assets.rb:13:in `call'
actionpack (5.1.6) lib/action_dispatch/middleware/remote_ip.rb:79:in `call'
actionpack (5.1.6) lib/action_dispatch/middleware/request_id.rb:25:in `call'
rack (2.0.5) lib/rack/method_override.rb:22:in `call'
rack (2.0.5) lib/rack/runtime.rb:22:in `call'
activesupport (5.1.6) lib/active_support/cache/strategy/local_cache_middleware.rb:27:in `call'
actionpack (5.1.6) lib/action_dispatch/middleware/executor.rb:12:in `call'
actionpack (5.1.6) lib/action_dispatch/middleware/static.rb:125:in `call'
rack (2.0.5) lib/rack/sendfile.rb:111:in `call'
railties (5.1.6) lib/rails/engine.rb:522:in `call'
puma (3.11.4) lib/puma/configuration.rb:225:in `call'
puma (3.11.4) lib/puma/server.rb:632:in `handle_request'
puma (3.11.4) lib/puma/server.rb:446:in `process_client'
puma (3.11.4) lib/puma/server.rb:306:in `block in run'
puma (3.11.4) lib/puma/thread_pool.rb:120:in `block in spawn_thread'
Started GET "/code/index" for 127.0.0.1 at 2018-07-04 16:25:56 +0100
Processing by CodeController#index as HTML
  Rendering code/index.html.erb within layouts/application
  Rendered code/index.html.erb within layouts/application (1.3ms)
Completed 200 OK in 533ms (Views: 529.1ms)


Started GET "/code/index" for 127.0.0.1 at 2018-07-05 12:09:12 +0100
  
SyntaxError (/Users/lorrainephillips/Projects/code-review-tool/app/helpers/application_helper.rb:10: Invalid return in class/module body
  return markdown.render(text).html_s...
  ^~~~~~):
  
app/helpers/application_helper.rb:10: Invalid return in class/module body
app/controllers/application_controller.rb:1:in `<top (required)>'
app/controllers/code_controller.rb:1:in `<top (required)>'
Started GET "/code/index" for 127.0.0.1 at 2018-07-05 12:10:49 +0100
  
SyntaxError (/Users/lorrainephillips/Projects/code-review-tool/app/helpers/application_helper.rb:10: Invalid return in class/module body
  return markdown.render(text).html_s...
  ^~~~~~):
  
app/helpers/application_helper.rb:10: Invalid return in class/module body
app/controllers/application_controller.rb:1:in `<top (required)>'
app/controllers/code_controller.rb:1:in `<top (required)>'
Started GET "/code/index" for 127.0.0.1 at 2018-07-05 12:12:33 +0100
Processing by CodeController#index as HTML
  Rendering code/index.html.erb within layouts/application
  Rendered code/index.html.erb within layouts/application (1.6ms)
Completed 500 Internal Server Error in 366ms


  
SyntaxError (/Users/lorrainephillips/Projects/code-review-tool/app/views/code/index.html.erb:1: syntax error, unexpected '<', expecting ')'
...tput_buffer.append=( markdown(<h1>Code#index</h1>
...                              ^
/Users/lorrainephillips/Projects/code-review-tool/app/views/code/index.html.erb:2: syntax error, unexpected '<', expecting ')'
<p>Find me in app/views/code/i...
^
/Users/lorrainephillips/Projects/code-review-tool/app/views/code/index.html.erb:2: syntax error, unexpected tIDENTIFIER, expecting keyword_do or '{' or '('
<p>Find me in app/views/code/index.html...
        ^~
/Users/lorrainephillips/Projects/code-review-tool/app/views/code/index.html.erb:7: unterminated regexp meets end of file
          end
             ^
/Users/lorrainephillips/Projects/code-review-tool/app/views/code/index.html.erb:7: unmatched close parenthesis: /p>) );
@output_buffer.safe_append='
'.freeze;@output_buffer.to_s
          ensure
            @virtual_path, @output_buffer = _old_virtual_path, _old_output_buffer
          end
/m
/Users/lorrainephillips/Projects/code-review-tool/app/views/code/index.html.erb:7: syntax error, unexpected end-of-input, expecting ')'
          end
             ^):
  
app/views/code/index.html.erb:1: syntax error, unexpected '<', expecting ')'
app/views/code/index.html.erb:2: syntax error, unexpected '<', expecting ')'
app/views/code/index.html.erb:2: syntax error, unexpected tIDENTIFIER, expecting keyword_do or '{' or '('
app/views/code/index.html.erb:7: unterminated regexp meets end of file
app/views/code/index.html.erb:7: unmatched close parenthesis: /p>) );
app/views/code/index.html.erb:7: syntax error, unexpected end-of-input, expecting ')'
Started GET "/code/index" for 127.0.0.1 at 2018-07-05 12:13:13 +0100
Processing by CodeController#index as HTML
  Rendering code/index.html.erb within layouts/application
  Rendered code/index.html.erb within layouts/application (6.4ms)
Completed 200 OK in 552ms (Views: 525.5ms)


Started GET "/code/index" for 127.0.0.1 at 2018-07-05 12:16:11 +0100
Processing by CodeController#index as HTML
  Rendering code/index.html.erb within layouts/application
  Rendered code/index.html.erb within layouts/application (3.1ms)
Completed 200 OK in 667ms (Views: 379.2ms)


Started GET "/code/index" for 127.0.0.1 at 2018-07-05 12:16:29 +0100
Processing by CodeController#index as HTML
  Rendering code/index.html.erb within layouts/application
  Rendered code/index.html.erb within layouts/application (0.8ms)
Completed 200 OK in 36ms (Views: 32.1ms)


Started GET "/code/index" for 127.0.0.1 at 2018-07-05 12:16:34 +0100
Processing by CodeController#index as HTML
  Rendering code/index.html.erb within layouts/application
  Rendered code/index.html.erb within layouts/application (0.7ms)
Completed 200 OK in 32ms (Views: 29.5ms)


Started GET "/code/index" for 127.0.0.1 at 2018-07-05 12:17:13 +0100
Processing by CodeController#index as HTML
  Rendering code/index.html.erb within layouts/application
  Rendered code/index.html.erb within layouts/application (1.0ms)
Completed 200 OK in 31ms (Views: 24.8ms)


Started GET "/code/index" for 127.0.0.1 at 2018-07-05 12:17:19 +0100
Processing by CodeController#index as HTML
  Rendering code/index.html.erb within layouts/application
  Rendered code/index.html.erb within layouts/application (0.5ms)
Completed 200 OK in 23ms (Views: 19.9ms)


Started GET "/code/index" for 127.0.0.1 at 2018-07-05 12:17:28 +0100
Processing by CodeController#index as HTML
  Rendering code/index.html.erb within layouts/application
  Rendered code/index.html.erb within layouts/application (0.5ms)
Completed 200 OK in 24ms (Views: 20.6ms)


Started GET "/code/index" for 127.0.0.1 at 2018-07-05 12:17:39 +0100
Processing by CodeController#index as HTML
  Rendering code/index.html.erb within layouts/application
  Rendered code/index.html.erb within layouts/application (0.9ms)
Completed 200 OK in 28ms (Views: 24.6ms)


Started GET "/code/index" for 127.0.0.1 at 2018-07-05 12:17:50 +0100
Processing by CodeController#index as HTML
  Rendering code/index.html.erb within layouts/application
  Rendered code/index.html.erb within layouts/application (0.5ms)
Completed 200 OK in 25ms (Views: 19.8ms)


Started GET "/code/index" for 127.0.0.1 at 2018-07-05 16:25:52 +0100
Processing by CodeController#index as HTML
  Rendering code/index.html.erb within layouts/application
  Rendered code/index.html.erb within layouts/application (2.6ms)
Completed 200 OK in 777ms (Views: 419.4ms)


Started GET "/code/index" for 127.0.0.1 at 2018-07-05 16:50:42 +0100
Processing by CodeController#index as HTML
  Rendering code/index.html.erb within layouts/application
  Rendered code/index.html.erb within layouts/application (27.5ms)
Completed 200 OK in 121ms (Views: 93.4ms)


Started GET "/code/index" for 127.0.0.1 at 2018-07-05 16:51:15 +0100
Processing by CodeController#index as HTML
  Rendering code/index.html.erb within layouts/application
  Rendered code/index.html.erb within layouts/application (0.6ms)
Completed 200 OK in 31ms (Views: 28.1ms)


Started GET "/code/index" for 127.0.0.1 at 2018-07-05 16:52:37 +0100
Processing by CodeController#index as HTML
  Rendering code/index.html.erb within layouts/application
  Rendered code/index.html.erb within layouts/application (35.0ms)
Completed 500 Internal Server Error in 58ms


  
ActionView::Template::Error (First argument in form cannot contain nil or be empty):
    1: 
    2: 
    3: <%= form_for @code do |form| %>
    4:   <p><%= form.label :message %></p>
    5:   <p><%= form.text_area(:message, rows: 4, cols: 80)%></p>
    6:   <p><%= form.submit "Submit" %></p>
  
app/views/code/index.html.erb:3:in `_app_views_code_index_html_erb___1426446640035992749_70142995186960'
Started GET "/code/index" for 127.0.0.1 at 2018-07-05 16:52:58 +0100
Processing by CodeController#index as HTML
  Rendering code/index.html.erb within layouts/application
  Rendered code/index.html.erb within layouts/application (598.8ms)
Completed 500 Internal Server Error in 617ms


  
ActionView::Template::Error (undefined local variable or method `form' for #<#<Class:0x00007f96da7caad8>:0x00007f96dbab5580>
Did you mean?  fork):
    1: 
    2: 
    3: 
    4:   <p><%= form.label :message %></p>
    5:   <p><%= form.text_area(:message, rows: 4, cols: 80)%></p>
    6:   <p><%= form.submit "Submit" %></p>
    7: <%= markdown("#TEST") %>
  
app/views/code/index.html.erb:4:in `_app_views_code_index_html_erb___1426446640035992749_70142953631540'
  [1m[35m (6.2ms)[0m  [1m[34mSELECT pg_try_advisory_lock(8508758062450717470)[0m
  [1m[35m (1.6ms)[0m  [1m[34mSELECT "schema_migrations"."version" FROM "schema_migrations" ORDER BY "schema_migrations"."version" ASC[0m
Migrating to CreateCodes (20180705155424)
  [1m[35m (10.7ms)[0m  [1m[35mBEGIN[0m
  [1m[35m (82.4ms)[0m  [1m[35mCREATE TABLE "codes" ("id" bigserial primary key, "content" text, "created_at" timestamp NOT NULL, "updated_at" timestamp NOT NULL)[0m
  [1m[35mSQL (1.0ms)[0m  [1m[32mINSERT INTO "schema_migrations" ("version") VALUES ($1) RETURNING "version"[0m  [["version", "20180705155424"]]
  [1m[35m (0.9ms)[0m  [1m[35mCOMMIT[0m
  [1m[36mActiveRecord::InternalMetadata Load (1.1ms)[0m  [1m[34mSELECT  "ar_internal_metadata".* FROM "ar_internal_metadata" WHERE "ar_internal_metadata"."key" = $1 LIMIT $2[0m  [["key", "environment"], ["LIMIT", 1]]
  [1m[35m (0.3ms)[0m  [1m[35mBEGIN[0m
  [1m[35m (0.3ms)[0m  [1m[35mCOMMIT[0m
  [1m[35m (0.3ms)[0m  [1m[34mSELECT pg_advisory_unlock(8508758062450717470)[0m
  [1m[35m (0.5ms)[0m  [1m[34mSELECT "schema_migrations"."version" FROM "schema_migrations" ORDER BY "schema_migrations"."version" ASC[0m
Started GET "/code/index" for 127.0.0.1 at 2018-07-05 17:00:00 +0100
  [1m[35m (8.4ms)[0m  [1m[34mSELECT "schema_migrations"."version" FROM "schema_migrations" ORDER BY "schema_migrations"."version" ASC[0m
Processing by CodeController#index as HTML
  Rendering code/index.html.erb within layouts/application
  Rendered code/index.html.erb within layouts/application (2.5ms)
Completed 200 OK in 317ms (Views: 298.5ms | ActiveRecord: 0.0ms)


Started GET "/code/index" for 127.0.0.1 at 2018-07-05 17:02:32 +0100
Processing by CodeController#index as HTML
  Rendering code/index.html.erb within layouts/application
  [1m[36mCode Load (4.8ms)[0m  [1m[34mSELECT "codes".* FROM "codes" ORDER BY updated_at DESC[0m
  Rendered code/index.html.erb within layouts/application (170.2ms)
Completed 200 OK in 251ms (Views: 193.1ms | ActiveRecord: 35.9ms)


Started GET "/code/index" for 127.0.0.1 at 2018-07-05 17:04:35 +0100
Processing by CodeController#index as HTML
  Rendering code/index.html.erb within layouts/application
  [1m[36mCode Load (2.0ms)[0m  [1m[34mSELECT "codes".* FROM "codes" ORDER BY updated_at DESC[0m
  Rendered code/index.html.erb within layouts/application (25.6ms)
Completed 200 OK in 102ms (Views: 78.5ms | ActiveRecord: 2.0ms)


Started GET "/code/index" for 127.0.0.1 at 2018-07-05 17:05:06 +0100
Processing by CodeController#index as HTML
  Rendering code/index.html.erb within layouts/application
  [1m[36mCode Load (0.7ms)[0m  [1m[34mSELECT "codes".* FROM "codes" ORDER BY updated_at DESC[0m
  Rendered code/index.html.erb within layouts/application (3.7ms)
Completed 200 OK in 63ms (Views: 58.2ms | ActiveRecord: 0.7ms)


Started GET "/code/index" for 127.0.0.1 at 2018-07-05 17:06:14 +0100
Processing by CodeController#index as HTML
  Rendering code/index.html.erb within layouts/application
  [1m[36mCode Load (1.7ms)[0m  [1m[34mSELECT "codes".* FROM "codes" ORDER BY updated_at DESC[0m
  Rendered code/index.html.erb within layouts/application (11.0ms)
Completed 200 OK in 222ms (Views: 212.6ms | ActiveRecord: 1.7ms)


Started GET "/code/index" for 127.0.0.1 at 2018-07-05 17:06:31 +0100
Processing by CodeController#index as HTML
  Rendering code/index.html.erb within layouts/application
  [1m[36mCode Load (1.2ms)[0m  [1m[34mSELECT "codes".* FROM "codes" ORDER BY updated_at DESC[0m
  Rendered code/index.html.erb within layouts/application (6.8ms)
Completed 200 OK in 76ms (Views: 63.1ms | ActiveRecord: 1.2ms)


Started GET "/code/index" for 127.0.0.1 at 2018-07-05 17:06:33 +0100
Processing by CodeController#index as HTML
  Rendering code/index.html.erb within layouts/application
  [1m[36mCode Load (3.0ms)[0m  [1m[34mSELECT "codes".* FROM "codes" ORDER BY updated_at DESC[0m
  Rendered code/index.html.erb within layouts/application (4.8ms)
Completed 200 OK in 34ms (Views: 27.9ms | ActiveRecord: 3.0ms)


Started GET "/code/index" for 127.0.0.1 at 2018-07-05 17:07:11 +0100
Processing by CodeController#index as HTML
  Rendering code/index.html.erb within layouts/application
  [1m[36mCode Load (0.5ms)[0m  [1m[34mSELECT "codes".* FROM "codes" ORDER BY updated_at DESC[0m
  Rendered code/index.html.erb within layouts/application (2.7ms)
Completed 200 OK in 53ms (Views: 47.5ms | ActiveRecord: 0.5ms)


Started GET "/code/index" for 127.0.0.1 at 2018-07-05 17:08:14 +0100
Processing by CodeController#index as HTML
  Rendering code/index.html.erb within layouts/application
  [1m[36mCode Load (1.3ms)[0m  [1m[34mSELECT "codes".* FROM "codes" ORDER BY updated_at DESC[0m
  Rendered code/index.html.erb within layouts/application (8.4ms)
Completed 200 OK in 156ms (Views: 148.7ms | ActiveRecord: 1.3ms)


  [1m[36mCode Load (0.5ms)[0m  [1m[34mSELECT  "codes".* FROM "codes" LIMIT $1[0m  [["LIMIT", 11]]
  [1m[35m (1.0ms)[0m  [1m[35mBEGIN[0m
  [1m[35mSQL (10.0ms)[0m  [1m[32mINSERT INTO "codes" ("created_at", "updated_at") VALUES ($1, $2) RETURNING "id"[0m  [["created_at", "2018-07-05 16:23:25.786433"], ["updated_at", "2018-07-05 16:23:25.786433"]]
  [1m[35m (4.1ms)[0m  [1m[35mCOMMIT[0m
  [1m[36mCode Load (1.9ms)[0m  [1m[34mSELECT  "codes".* FROM "codes" LIMIT $1[0m  [["LIMIT", 11]]
  [1m[35m (0.8ms)[0m  [1m[35mBEGIN[0m
  [1m[35mSQL (0.8ms)[0m  [1m[32mINSERT INTO "codes" ("created_at", "updated_at") VALUES ($1, $2) RETURNING "id"[0m  [["created_at", "2018-07-05 16:24:39.433956"], ["updated_at", "2018-07-05 16:24:39.433956"]]
  [1m[35m (6.0ms)[0m  [1m[35mCOMMIT[0m
  [1m[36mCode Load (0.7ms)[0m  [1m[34mSELECT  "codes".* FROM "codes" LIMIT $1[0m  [["LIMIT", 11]]
  [1m[36mCode Load (0.6ms)[0m  [1m[34mSELECT  "codes".* FROM "codes" LIMIT $1[0m  [["LIMIT", 11]]
Started GET "/code/index" for 127.0.0.1 at 2018-07-05 17:27:50 +0100
  [1m[35m (7.9ms)[0m  [1m[34mSELECT "schema_migrations"."version" FROM "schema_migrations" ORDER BY "schema_migrations"."version" ASC[0m
Processing by CodeController#index as HTML
  Rendering code/index.html.erb within layouts/application
  [1m[36mCode Load (0.9ms)[0m  [1m[34mSELECT "codes".* FROM "codes" ORDER BY updated_at DESC[0m
  Rendered code/index.html.erb within layouts/application (19.0ms)
Completed 200 OK in 370ms (Views: 342.4ms | ActiveRecord: 9.3ms)


Started GET "/code/new" for 127.0.0.1 at 2018-07-05 17:27:54 +0100
Processing by CodeController#new as HTML
  Rendering code/new.html.erb within layouts/application
  Rendered code/new.html.erb within layouts/application (11.0ms)
Completed 500 Internal Server Error in 19ms (ActiveRecord: 0.0ms)


  
ActionView::Template::Error (First argument in form cannot contain nil or be empty):
    1: <%= form_for @code do |form| %>
    2:   <p><%= form.label :content %></p>
    3:   <p><%= form.text_area(:content, rows: 4, cols: 80)%></p>
    4:   <p><%= form.submit "Submit" %></p>
  
app/views/code/new.html.erb:1:in `_app_views_code_new_html_erb___2218134994476184830_70125279957700'
Started GET "/code/new" for 127.0.0.1 at 2018-07-05 17:29:38 +0100
Processing by CodeController#new as HTML
Completed 400 Bad Request in 10ms (ActiveRecord: 0.0ms)


  
ActionController::ParameterMissing (param is missing or the value is empty: code):
  
app/controllers/code_controller.rb:13:in `code_params'
app/controllers/code_controller.rb:7:in `new'
Started GET "/code/new" for 127.0.0.1 at 2018-07-05 17:31:34 +0100
  [1m[35m (7.4ms)[0m  [1m[34mSELECT "schema_migrations"."version" FROM "schema_migrations" ORDER BY "schema_migrations"."version" ASC[0m
Processing by CodeController#new as HTML
Completed 400 Bad Request in 18ms (ActiveRecord: 0.0ms)


  
ActionController::ParameterMissing (param is missing or the value is empty: code):
  
app/controllers/code_controller.rb:13:in `code_params'
app/controllers/code_controller.rb:7:in `new'
Started GET "/code/new" for 127.0.0.1 at 2018-07-05 17:32:09 +0100
Processing by CodeController#new as HTML
Completed 500 Internal Server Error in 20ms (ActiveRecord: 0.0ms)


  
NoMethodError (undefined method `build' for #<Class:0x00007ffebadfe088>):
  
app/controllers/code_controller.rb:7:in `new'
Started GET "/code/new" for 127.0.0.1 at 2018-07-05 17:32:41 +0100
Processing by CodeController#new as HTML
Completed 500 Internal Server Error in 276ms (ActiveRecord: 0.0ms)


  
NameError (undefined local variable or method `codes' for #<CodeController:0x00007ffebba24b50>):
  
app/controllers/code_controller.rb:7:in `new'
Started GET "/code/index" for 127.0.0.1 at 2018-07-05 17:33:01 +0100
Processing by CodeController#index as HTML
  Rendering code/index.html.erb within layouts/application
  [1m[36mCode Load (1.7ms)[0m  [1m[34mSELECT "codes".* FROM "codes" ORDER BY updated_at DESC[0m
  Rendered code/index.html.erb within layouts/application (15.3ms)
Completed 200 OK in 320ms (Views: 306.9ms | ActiveRecord: 4.9ms)


